C:\USERS\BLOGS_000\DOCUMENTS\VISUAL STUDIO 2012\PROJECTS\FLASH\DEBUG\ACTOR.OBJ
C:\USERS\BLOGS_000\DOCUMENTS\VISUAL STUDIO 2012\PROJECTS\FLASH\DEBUG\AI.OBJ
C:\USERS\BLOGS_000\DOCUMENTS\VISUAL STUDIO 2012\PROJECTS\FLASH\DEBUG\ATTACKER.OBJ
C:\USERS\BLOGS_000\DOCUMENTS\VISUAL STUDIO 2012\PROJECTS\FLASH\DEBUG\CONTAINER.OBJ
C:\USERS\BLOGS_000\DOCUMENTS\VISUAL STUDIO 2012\PROJECTS\FLASH\DEBUG\DESTRUCTIBLE.OBJ
C:\USERS\BLOGS_000\DOCUMENTS\VISUAL STUDIO 2012\PROJECTS\FLASH\DEBUG\ENGINE.OBJ
C:\USERS\BLOGS_000\DOCUMENTS\VISUAL STUDIO 2012\PROJECTS\FLASH\DEBUG\GUI.OBJ
C:\USERS\BLOGS_000\DOCUMENTS\VISUAL STUDIO 2012\PROJECTS\FLASH\DEBUG\MAIN.OBJ
C:\USERS\BLOGS_000\DOCUMENTS\VISUAL STUDIO 2012\PROJECTS\FLASH\DEBUG\MAP.OBJ
C:\USERS\BLOGS_000\DOCUMENTS\VISUAL STUDIO 2012\PROJECTS\FLASH\DEBUG\PERSISTENT.OBJ
C:\USERS\BLOGS_000\DOCUMENTS\VISUAL STUDIO 2012\PROJECTS\FLASH\DEBUG\PICKABLE.OBJ
C:\USERS\BLOGS_000\DOCUMENTS\VISUAL STUDIO 2012\PROJECTS\FLASH\DEBUG\VC110.PDB
C:\Users\blogs_000\Documents\Visual Studio 2012\Projects\Flash\Debug\Actor.obj
C:\Users\blogs_000\Documents\Visual Studio 2012\Projects\Flash\Debug\Ai.obj
C:\Users\blogs_000\Documents\Visual Studio 2012\Projects\Flash\Debug\Attacker.obj
C:\Users\blogs_000\Documents\Visual Studio 2012\Projects\Flash\Debug\Container.obj
C:\Users\blogs_000\Documents\Visual Studio 2012\Projects\Flash\Debug\Destructible.obj
C:\Users\blogs_000\Documents\Visual Studio 2012\Projects\Flash\Debug\Engine.obj
C:\Users\blogs_000\Documents\Visual Studio 2012\Projects\Flash\Debug\Gui.obj
C:\Users\blogs_000\Documents\Visual Studio 2012\Projects\Flash\Debug\main.obj
C:\Users\blogs_000\Documents\Visual Studio 2012\Projects\Flash\Debug\Map.obj
C:\Users\blogs_000\Documents\Visual Studio 2012\Projects\Flash\Debug\Persistent.obj
C:\Users\blogs_000\Documents\Visual Studio 2012\Projects\Flash\Debug\Pickable.obj
C:\Users\blogs_000\Documents\Visual Studio 2012\Projects\Flash\Debug\cl.command.1.tlog
C:\Users\blogs_000\Documents\Visual Studio 2012\Projects\Flash\Debug\CL.read.1.tlog
C:\Users\blogs_000\Documents\Visual Studio 2012\Projects\Flash\Debug\CL.write.1.tlog
C:\Users\blogs_000\Documents\Visual Studio 2012\Projects\Flash\Debug\link-cvtres.read.1.tlog
C:\Users\blogs_000\Documents\Visual Studio 2012\Projects\Flash\Debug\link-cvtres.write.1.tlog
C:\Users\blogs_000\Documents\Visual Studio 2012\Projects\Flash\Debug\link-rc.read.1.tlog
C:\Users\blogs_000\Documents\Visual Studio 2012\Projects\Flash\Debug\link-rc.write.1.tlog
C:\Users\blogs_000\Documents\Visual Studio 2012\Projects\Flash\Debug\link.command.1.tlog
C:\Users\blogs_000\Documents\Visual Studio 2012\Projects\Flash\Debug\link.read.1.tlog
C:\Users\blogs_000\Documents\Visual Studio 2012\Projects\Flash\Debug\link.write.1.tlog
C:\Users\blogs_000\Documents\Visual Studio 2012\Projects\Flash\Debug\vc110.idb
C:\Users\blogs_000\Documents\Visual Studio 2012\Projects\Flash\Debug\Flash.pdb
C:\Users\blogs_000\Documents\Visual Studio 2012\Projects\Flash\Debug\vc110.pdb
